<?xml version="1.0" encoding="UTF-8"?>
<testsuite xmlns:xsi="http://www.w3.org/2001/XMLSchema-instance" xsi:noNamespaceSchemaLocation="https://maven.apache.org/surefire/maven-surefire-plugin/xsd/surefire-test-report.xsd" name="fr.umlv.java.inside.lab1.SwitchExampleTest" time="0.226" tests="8" errors="0" skipped="0" failures="0">
  <properties>
[...]
</properties>
  <testcase name="TestSwitch2Cat" classname="fr.umlv.java.inside.lab1.SwitchExampleTest" time="0.114"/>
  <testcase name="TestSwitch2Dog" classname="fr.umlv.java.inside.lab1.SwitchExampleTest" time="0.006"/>
  <testcase name="TestSwitchFish" classname="fr.umlv.java.inside.lab1.SwitchExampleTest" time="0.047"/>
  <testcase name="TestSwitchNull" classname="fr.umlv.java.inside.lab1.SwitchExampleTest" time="0.005"/>
  <testcase name="TestSwitchCat" classname="fr.umlv.java.inside.lab1.SwitchExampleTest" time="0.001"/>
  <testcase name="TestSwitchDog" classname="fr.umlv.java.inside.lab1.SwitchExampleTest" time="0.001"/>
  <testcase name="TestSwitch2Fish" classname="fr.umlv.java.inside.lab1.SwitchExampleTest" time="0.001"/>
  <testcase name="TestSwitch2Null" classname="fr.umlv.java.inside.lab1.SwitchExampleTest" time="0.002"/>
</testsuite>