<?xml version="1.0" encoding="UTF-8"?>
<testsuite xmlns:xsi="http://www.w3.org/2001/XMLSchema-instance" xsi:noNamespaceSchemaLocation="https://maven.apache.org/surefire/maven-surefire-plugin/xsd/surefire-test-report-3.0.xsd" version="3.0" name="fr.umlv.java.inside.LoggerTest" time="0.084" tests="7" errors="0" skipped="0" failures="1">
  <properties>
[...]
</properties>
  <testcase name="testFastLogger" classname="fr.umlv.java.inside.LoggerTest" time="0.034"/>
  <testcase name="logFastNull" classname="fr.umlv.java.inside.LoggerTest" time="0.003"/>
  <testcase name="ofNull" classname="fr.umlv.java.inside.LoggerTest" time="0.005"/>
  <testcase name="unableLogger" classname="fr.umlv.java.inside.LoggerTest" time="0.008">
    <failure message="expected: &lt;&gt; but was: &lt;LOL&gt;" type="org.opentest4j.AssertionFailedError"><![CDATA[org.opentest4j.AssertionFailedError: expected: <> but was: <LOL>
	at fr.umlv.java.inside.LoggerTest.unableLogger(LoggerTest.java:51)
]]></failure>
  </testcase>
  <testcase name="logNull" classname="fr.umlv.java.inside.LoggerTest" time="0.001"/>
  <testcase name="ofFastNull" classname="fr.umlv.java.inside.LoggerTest" time="0.002"/>
  <testcase name="testLogger" classname="fr.umlv.java.inside.LoggerTest" time="0.001"/>
</testsuite>